<?xml version="1.0" encoding="UTF-8" standalone="no"?>
<!DOCTYPE log SYSTEM "logger.dtd">
<log>
<record>
  <date>2023-05-04T05:39:10.848973100Z</date>
  <millis>1683178750848</millis>
  <nanos>973100</nanos>
  <sequence>0</sequence>
  <logger>global</logger>
  <level>SEVERE</level>
  <class>Utilities.Bitacora</class>
  <method>registrar</method>
  <thread>24</thread>
  <message>Error en el formato Contacto****[Ljava.lang.StackTraceElement;@4fd2576b</message>
</record>
<record>
  <date>2023-05-04T05:39:12.248957900Z</date>
  <millis>1683178752248</millis>
  <nanos>957900</nanos>
  <sequence>2</sequence>
  <logger>global</logger>
  <level>SEVERE</level>
  <class>Utilities.Bitacora</class>
  <method>registrar</method>
  <thread>24</thread>
  <message>Error en el formato Contacto****[Ljava.lang.StackTraceElement;@4ca1ca3d</message>
</record>
</log>
<?xml version="1.0" encoding="UTF-8" standalone="no"?>
<!DOCTYPE log SYSTEM "logger.dtd">
<log>
<record>
  <date>2023-05-04T07:36:33.134297900Z</date>
  <millis>1683185793134</millis>
  <nanos>297900</nanos>
  <sequence>0</sequence>
  <logger>global</logger>
  <level>SEVERE</level>
  <class>Utilities.Bitacora</class>
  <method>registrar</method>
  <thread>24</thread>
  <message>Column 'apoderado' not found.****[Ljava.lang.StackTraceElement;@77215c80</message>
</record>
</log>
<?xml version="1.0" encoding="UTF-8" standalone="no"?>
<!DOCTYPE log SYSTEM "logger.dtd">
<log>
<record>
  <date>2023-05-04T07:36:40.625867800Z</date>
  <millis>1683185800625</millis>
  <nanos>867800</nanos>
  <sequence>0</sequence>
  <logger>global</logger>
  <level>SEVERE</level>
  <class>Utilities.Bitacora</class>
  <method>registrar</method>
  <thread>24</thread>
  <message>Column 'apoderado' not found.****[Ljava.lang.StackTraceElement;@2aa1496b</message>
</record>
<record>
  <date>2023-05-04T07:36:40.656127Z</date>
  <millis>1683185800656</millis>
  <nanos>127000</nanos>
  <sequence>1</sequence>
  <logger>global</logger>
  <level>SEVERE</level>
  <class>Utilities.Bitacora</class>
  <method>registrar</method>
  <thread>24</thread>
  <message>Column 'apoderado' not found.****[Ljava.lang.StackTraceElement;@3795d1f4</message>
</record>
<record>
  <date>2023-05-04T07:36:41.024899600Z</date>
  <millis>1683185801024</millis>
  <nanos>899600</nanos>
  <sequence>2</sequence>
  <logger>global</logger>
  <level>SEVERE</level>
  <class>Utilities.Bitacora</class>
  <method>registrar</method>
  <thread>24</thread>
  <message>Column 'apoderado' not found.****[Ljava.lang.StackTraceElement;@1dbbbb0a</message>
</record>
</log>
<?xml version="1.0" encoding="UTF-8" standalone="no"?>
<!DOCTYPE log SYSTEM "logger.dtd">
<log>
<record>
  <date>2023-05-04T07:37:49.170232700Z</date>
  <millis>1683185869170</millis>
  <nanos>232700</nanos>
  <sequence>0</sequence>
  <logger>global</logger>
  <level>SEVERE</level>
  <class>Utilities.Bitacora</class>
  <method>registrar</method>
  <thread>24</thread>
  <message>Column 'apoderado' not found.****[Ljava.lang.StackTraceElement;@2aa1496b</message>
</record>
<record>
  <date>2023-05-04T07:37:49.699205Z</date>
  <millis>1683185869699</millis>
  <nanos>205000</nanos>
  <sequence>1</sequence>
  <logger>global</logger>
  <level>SEVERE</level>
  <class>Utilities.Bitacora</class>
  <method>registrar</method>
  <thread>24</thread>
  <message>Column 'apoderado' not found.****[Ljava.lang.StackTraceElement;@3795d1f4</message>
</record>
<record>
  <date>2023-05-04T07:37:50.122473700Z</date>
  <millis>1683185870122</millis>
  <nanos>473700</nanos>
  <sequence>2</sequence>
  <logger>global</logger>
  <level>SEVERE</level>
  <class>Utilities.Bitacora</class>
  <method>registrar</method>
  <thread>24</thread>
  <message>Column 'apoderado' not found.****[Ljava.lang.StackTraceElement;@1dbbbb0a</message>
</record>
<record>
  <date>2023-05-04T07:37:50.378817900Z</date>
  <millis>1683185870378</millis>
  <nanos>817900</nanos>
  <sequence>3</sequence>
  <logger>global</logger>
  <level>SEVERE</level>
  <class>Utilities.Bitacora</class>
  <method>registrar</method>
  <thread>24</thread>
  <message>Column 'apoderado' not found.****[Ljava.lang.StackTraceElement;@3625a87a</message>
</record>
<record>
  <date>2023-05-04T07:37:50.624404100Z</date>
  <millis>1683185870624</millis>
  <nanos>404100</nanos>
  <sequence>4</sequence>
  <logger>global</logger>
  <level>SEVERE</level>
  <class>Utilities.Bitacora</class>
  <method>registrar</method>
  <thread>24</thread>
  <message>Column 'apoderado' not found.****[Ljava.lang.StackTraceElement;@3e1621cf</message>
</record>
<record>
  <date>2023-05-04T07:37:50.863879900Z</date>
  <millis>1683185870863</millis>
  <nanos>879900</nanos>
  <sequence>5</sequence>
  <logger>global</logger>
  <level>SEVERE</level>
  <class>Utilities.Bitacora</class>
  <method>registrar</method>
  <thread>24</thread>
  <message>Column 'apoderado' not found.****[Ljava.lang.StackTraceElement;@529da8b8</message>
</record>
<record>
  <date>2023-05-04T07:37:51.066283800Z</date>
  <millis>1683185871066</millis>
  <nanos>283800</nanos>
  <sequence>6</sequence>
  <logger>global</logger>
  <level>SEVERE</level>
  <class>Utilities.Bitacora</class>
  <method>registrar</method>
  <thread>24</thread>
  <message>Column 'apoderado' not found.****[Ljava.lang.StackTraceElement;@60361441</message>
</record>
<record>
  <date>2023-05-04T07:37:51.249273600Z</date>
  <millis>1683185871249</millis>
  <nanos>273600</nanos>
  <sequence>7</sequence>
  <logger>global</logger>
  <level>SEVERE</level>
  <class>Utilities.Bitacora</class>
  <method>registrar</method>
  <thread>24</thread>
  <message>Column 'apoderado' not found.****[Ljava.lang.StackTraceElement;@d464fba</message>
</record>
<record>
  <date>2023-05-04T07:37:51.424649900Z</date>
  <millis>1683185871424</millis>
  <nanos>649900</nanos>
  <sequence>8</sequence>
  <logger>global</logger>
  <level>SEVERE</level>
  <class>Utilities.Bitacora</class>
  <method>registrar</method>
  <thread>24</thread>
  <message>Column 'apoderado' not found.****[Ljava.lang.StackTraceElement;@324b5363</message>
</record>
</log>
<?xml version="1.0" encoding="UTF-8" standalone="no"?>
<!DOCTYPE log SYSTEM "logger.dtd">
<log>
<record>
  <date>2023-05-05T05:50:16.910935100Z</date>
  <millis>1683265816910</millis>
  <nanos>935100</nanos>
  <sequence>0</sequence>
  <logger>global</logger>
  <level>SEVERE</level>
  <class>Utilities.Bitacora</class>
  <method>registrar</method>
  <thread>24</thread>
  <message>Cannot invoke "java.time.LocalDate.getYear()" because "date" is null****[Ljava.lang.StackTraceElement;@276c0497</message>
</record>
<record>
  <date>2023-05-05T05:50:23.213809100Z</date>
  <millis>1683265823213</millis>
  <nanos>809100</nanos>
  <sequence>1</sequence>
  <logger>global</logger>
  <level>SEVERE</level>
  <class>Utilities.Bitacora</class>
  <method>registrar</method>
  <thread>24</thread>
  <message>Cannot invoke "java.time.LocalDate.getYear()" because "date" is null****[Ljava.lang.StackTraceElement;@3f5c1aa7</message>
</record>
</log>
<?xml version="1.0" encoding="UTF-8" standalone="no"?>
<!DOCTYPE log SYSTEM "logger.dtd">
<log>
<record>
  <date>2023-05-05T06:06:06.054570900Z</date>
  <millis>1683266766054</millis>
  <nanos>570900</nanos>
  <sequence>0</sequence>
  <logger>global</logger>
  <level>SEVERE</level>
  <class>Utilities.Bitacora</class>
  <method>registrar</method>
  <thread>24</thread>
  <message>Cannot invoke "String.isEmpty()" because the return value of "JavaBean.Alumno.getCorreo_electrico()" is null****[Ljava.lang.StackTraceElement;@1c5ddbd6</message>
</record>
</log>
<?xml version="1.0" encoding="UTF-8" standalone="no"?>
<!DOCTYPE log SYSTEM "logger.dtd">
<log>
<record>
  <date>2023-05-05T06:07:35.878366500Z</date>
  <millis>1683266855878</millis>
  <nanos>366500</nanos>
  <sequence>0</sequence>
  <logger>global</logger>
  <level>SEVERE</level>
  <class>Utilities.Bitacora</class>
  <method>registrar</method>
  <thread>24</thread>
  <message>Cannot invoke "String.isEmpty()" because the return value of "JavaBean.Alumno.getCorreo_electrico()" is null****[Ljava.lang.StackTraceElement;@6bef4403</message>
</record>
</log>
<?xml version="1.0" encoding="UTF-8" standalone="no"?>
<!DOCTYPE log SYSTEM "logger.dtd">
<log>
<record>
  <date>2023-05-19T04:41:09.865403100Z</date>
  <millis>1684471269865</millis>
  <nanos>403100</nanos>
  <sequence>0</sequence>
  <logger>global</logger>
  <level>SEVERE</level>
  <class>Utilities.Bitacora</class>
  <method>registrar</method>
  <thread>24</thread>
  <message>PROCEDURE colegio.sp_apoderado_buscar_por_apoderado does not exist****[Ljava.lang.StackTraceElement;@26bfd80e</message>
</record>
<record>
  <date>2023-05-19T04:41:11.897896800Z</date>
  <millis>1684471271897</millis>
  <nanos>896800</nanos>
  <sequence>1</sequence>
  <logger>global</logger>
  <level>SEVERE</level>
  <class>Utilities.Bitacora</class>
  <method>registrar</method>
  <thread>24</thread>
  <message>PROCEDURE colegio.sp_alumno_buscar_por_alumno does not exist****[Ljava.lang.StackTraceElement;@53a622a1</message>
</record>
<record>
  <date>2023-05-19T04:41:12.109088100Z</date>
  <millis>1684471272109</millis>
  <nanos>88100</nanos>
  <sequence>2</sequence>
  <logger>global</logger>
  <level>SEVERE</level>
  <class>Utilities.Bitacora</class>
  <method>registrar</method>
  <thread>24</thread>
  <message>PROCEDURE colegio.sp_alumno_buscar_por_alumno does not exist****[Ljava.lang.StackTraceElement;@166d59e4</message>
</record>
<record>
  <date>2023-05-19T04:41:14.532344600Z</date>
  <millis>1684471274532</millis>
  <nanos>344600</nanos>
  <sequence>3</sequence>
  <logger>global</logger>
  <level>SEVERE</level>
  <class>Utilities.Bitacora</class>
  <method>registrar</method>
  <thread>24</thread>
  <message>PROCEDURE colegio.sp_apoderado_buscar_por_apoderado does not exist****[Ljava.lang.StackTraceElement;@7a6608db</message>
</record>
</log>
<?xml version="1.0" encoding="UTF-8" standalone="no"?>
<!DOCTYPE log SYSTEM "logger.dtd">
<log>
<record>
  <date>2023-05-19T04:43:18.855402700Z</date>
  <millis>1684471398855</millis>
  <nanos>402700</nanos>
  <sequence>0</sequence>
  <logger>global</logger>
  <level>SEVERE</level>
  <class>Utilities.Bitacora</class>
  <method>registrar</method>
  <thread>24</thread>
  <message>PROCEDURE colegio.sp_apoderado_buscar_por_apoderado does not exist****[Ljava.lang.StackTraceElement;@8df85bd</message>
</record>
</log>
<?xml version="1.0" encoding="UTF-8" standalone="no"?>
<!DOCTYPE log SYSTEM "logger.dtd">
<log>
<record>
  <date>2023-05-19T05:00:28.577628800Z</date>
  <millis>1684472428577</millis>
  <nanos>628800</nanos>
  <sequence>0</sequence>
  <logger>global</logger>
  <level>SEVERE</level>
  <class>Utilities.Bitacora</class>
  <method>registrar</method>
  <thread>24</thread>
  <message>Column 'correo_electronico' not found.****[Ljava.lang.StackTraceElement;@5bf20e61</message>
</record>
<record>
  <date>2023-05-19T05:00:29.173161Z</date>
  <millis>1684472429173</millis>
  <nanos>161000</nanos>
  <sequence>1</sequence>
  <logger>global</logger>
  <level>SEVERE</level>
  <class>Utilities.Bitacora</class>
  <method>registrar</method>
  <thread>24</thread>
  <message>Column 'correo_electronico' not found.****[Ljava.lang.StackTraceElement;@4e0c07e6</message>
</record>
<record>
  <date>2023-05-19T05:00:29.438005100Z</date>
  <millis>1684472429438</millis>
  <nanos>5100</nanos>
  <sequence>2</sequence>
  <logger>global</logger>
  <level>SEVERE</level>
  <class>Utilities.Bitacora</class>
  <method>registrar</method>
  <thread>24</thread>
  <message>Column 'correo_electronico' not found.****[Ljava.lang.StackTraceElement;@41ac299d</message>
</record>
<record>
  <date>2023-05-19T05:00:32.189843700Z</date>
  <millis>1684472432189</millis>
  <nanos>843700</nanos>
  <sequence>3</sequence>
  <logger>global</logger>
  <level>SEVERE</level>
  <class>Utilities.Bitacora</class>
  <method>registrar</method>
  <thread>24</thread>
  <message>Column 'correo_electronico' not found.****[Ljava.lang.StackTraceElement;@2808e24</message>
</record>
<record>
  <date>2023-05-19T05:00:32.396508900Z</date>
  <millis>1684472432396</millis>
  <nanos>508900</nanos>
  <sequence>4</sequence>
  <logger>global</logger>
  <level>SEVERE</level>
  <class>Utilities.Bitacora</class>
  <method>registrar</method>
  <thread>24</thread>
  <message>Column 'correo_electronico' not found.****[Ljava.lang.StackTraceElement;@188de480</message>
</record>
</log>
<?xml version="1.0" encoding="UTF-8" standalone="no"?>
<!DOCTYPE log SYSTEM "logger.dtd">
<log>
<record>
  <date>2023-05-19T05:52:41.049137600Z</date>
  <millis>1684475561049</millis>
  <nanos>137600</nanos>
  <sequence>0</sequence>
  <logger>global</logger>
  <level>SEVERE</level>
  <class>Utilities.Bitacora</class>
  <method>registrar</method>
  <thread>24</thread>
  <message>Cannot invoke "java.sql.Connection.prepareCall(String)" because "this.con" is null****[Ljava.lang.StackTraceElement;@3164e9f2</message>
</record>
<record>
  <date>2023-05-19T05:52:42.545073500Z</date>
  <millis>1684475562545</millis>
  <nanos>73500</nanos>
  <sequence>1</sequence>
  <logger>global</logger>
  <level>SEVERE</level>
  <class>Utilities.Bitacora</class>
  <method>registrar</method>
  <thread>24</thread>
  <message>Cannot invoke "java.sql.Connection.prepareCall(String)" because "con" is null****[Ljava.lang.StackTraceElement;@57a890cf</message>
</record>
<record>
  <date>2023-05-19T05:52:45.641371200Z</date>
  <millis>1684475565641</millis>
  <nanos>371200</nanos>
  <sequence>2</sequence>
  <logger>global</logger>
  <level>SEVERE</level>
  <class>Utilities.Bitacora</class>
  <method>registrar</method>
  <thread>24</thread>
  <message>Cannot invoke "java.sql.Connection.prepareCall(String)" because "con" is null****[Ljava.lang.StackTraceElement;@29779a4a</message>
</record>
</log>
<?xml version="1.0" encoding="UTF-8" standalone="no"?>
<!DOCTYPE log SYSTEM "logger.dtd">
<log>
<record>
  <date>2023-05-19T05:53:40.714596600Z</date>
  <millis>1684475620714</millis>
  <nanos>596600</nanos>
  <sequence>0</sequence>
  <logger>global</logger>
  <level>SEVERE</level>
  <class>Utilities.Bitacora</class>
  <method>registrar</method>
  <thread>24</thread>
  <message>Cannot invoke "java.sql.Connection.prepareCall(String)" because "con" is null****[Ljava.lang.StackTraceElement;@6b53616</message>
</record>
<record>
  <date>2023-05-19T05:53:42.345831500Z</date>
  <millis>1684475622345</millis>
  <nanos>831500</nanos>
  <sequence>1</sequence>
  <logger>global</logger>
  <level>SEVERE</level>
  <class>Utilities.Bitacora</class>
  <method>registrar</method>
  <thread>24</thread>
  <message>Cannot invoke "java.sql.Connection.prepareCall(String)" because "this.con" is null****[Ljava.lang.StackTraceElement;@5b1b022d</message>
</record>
<record>
  <date>2023-05-19T05:53:43.825219800Z</date>
  <millis>1684475623825</millis>
  <nanos>219800</nanos>
  <sequence>2</sequence>
  <logger>global</logger>
  <level>SEVERE</level>
  <class>Utilities.Bitacora</class>
  <method>registrar</method>
  <thread>24</thread>
  <message>Cannot invoke "java.sql.Connection.prepareCall(String)" because "con" is null****[Ljava.lang.StackTraceElement;@69a2a10f</message>
</record>
<?xml version="1.0" encoding="UTF-8" standalone="no"?>
<!DOCTYPE log SYSTEM "logger.dtd">
<log>
<record>
  <date>2023-05-19T17:25:42.282321100Z</date>
  <millis>1684517142282</millis>
  <nanos>321100</nanos>
  <sequence>0</sequence>
  <logger>global</logger>
  <level>SEVERE</level>
  <class>Utilities.Bitacora</class>
  <method>registrar</method>
  <thread>25</thread>
  <message>Cannot invoke "java.sql.Connection.prepareCall(String)" because "this.con" is null****[Ljava.lang.StackTraceElement;@17508208</message>
</record>
<record>
  <date>2023-05-19T17:25:44.519627900Z</date>
  <millis>1684517144519</millis>
  <nanos>627900</nanos>
  <sequence>1</sequence>
  <logger>global</logger>
  <level>SEVERE</level>
  <class>Utilities.Bitacora</class>
  <method>registrar</method>
  <thread>25</thread>
  <message>Cannot invoke "java.sql.Connection.prepareCall(String)" because "con" is null****[Ljava.lang.StackTraceElement;@7181bc74</message>
</record>
</log>
<?xml version="1.0" encoding="UTF-8" standalone="no"?>
<!DOCTYPE log SYSTEM "logger.dtd">
<log>
<record>
  <date>2023-05-19T18:42:36.904625300Z</date>
  <millis>1684521756904</millis>
  <nanos>625300</nanos>
  <sequence>0</sequence>
  <logger>global</logger>
  <level>SEVERE</level>
  <class>Utilities.Bitacora</class>
  <method>registrar</method>
  <thread>25</thread>
  <message>Column 'correo_electronico' not found.****[Ljava.lang.StackTraceElement;@121bfacb</message>
</record>
</log>
<?xml version="1.0" encoding="UTF-8" standalone="no"?>
<!DOCTYPE log SYSTEM "logger.dtd">
<log>
<record>
  <date>2023-05-19T18:46:13.749721900Z</date>
  <millis>1684521973749</millis>
  <nanos>721900</nanos>
  <sequence>0</sequence>
  <logger>global</logger>
  <level>SEVERE</level>
  <class>Utilities.Bitacora</class>
  <method>registrar</method>
  <thread>25</thread>
  <message>Column 'correo_electronico' not found.****[Ljava.lang.StackTraceElement;@5e8ad80b</message>
</record>
</log>
<?xml version="1.0" encoding="UTF-8" standalone="no"?>
<!DOCTYPE log SYSTEM "logger.dtd">
<log>
<record>
  <date>2023-05-25T17:15:43.205932200Z</date>
  <millis>1685034943205</millis>
  <nanos>932200</nanos>
  <sequence>0</sequence>
  <logger>global</logger>
  <level>SEVERE</level>
  <class>Utilities.Bitacora</class>
  <method>registrar</method>
  <thread>24</thread>
  <message>Index 0 out of bounds for length 0****[Ljava.lang.StackTraceElement;@3b3cf036</message>
</record>
<record>
  <date>2023-05-25T17:15:44.754097100Z</date>
  <millis>1685034944754</millis>
  <nanos>97100</nanos>
  <sequence>1</sequence>
  <logger>global</logger>
  <level>SEVERE</level>
  <class>Utilities.Bitacora</class>
  <method>registrar</method>
  <thread>24</thread>
  <message>Index 0 out of bounds for length 0****[Ljava.lang.StackTraceElement;@4ee3646a</message>
</record>
<record>
  <date>2023-05-25T17:16:05.026016900Z</date>
  <millis>1685034965026</millis>
  <nanos>16900</nanos>
  <sequence>2</sequence>
  <logger>global</logger>
  <level>SEVERE</level>
  <class>Utilities.Bitacora</class>
  <method>registrar</method>
  <thread>24</thread>
  <message>Index 0 out of bounds for length 0****[Ljava.lang.StackTraceElement;@50c3c2fe</message>
</record>
<record>
  <date>2023-05-25T17:16:05.898131800Z</date>
  <millis>1685034965898</millis>
  <nanos>131800</nanos>
  <sequence>3</sequence>
  <logger>global</logger>
  <level>SEVERE</level>
  <class>Utilities.Bitacora</class>
  <method>registrar</method>
  <thread>24</thread>
  <message>Index 0 out of bounds for length 0****[Ljava.lang.StackTraceElement;@6b90fa50</message>
</record>
<record>
  <date>2023-05-25T17:16:06.208441300Z</date>
  <millis>1685034966208</millis>
  <nanos>441300</nanos>
  <sequence>4</sequence>
  <logger>global</logger>
  <level>SEVERE</level>
  <class>Utilities.Bitacora</class>
  <method>registrar</method>
  <thread>24</thread>
  <message>Index 0 out of bounds for length 0****[Ljava.lang.StackTraceElement;@6f3b4eab</message>
</record>
<record>
  <date>2023-05-25T17:16:06.392180400Z</date>
  <millis>1685034966392</millis>
  <nanos>180400</nanos>
  <sequence>5</sequence>
  <logger>global</logger>
  <level>SEVERE</level>
  <class>Utilities.Bitacora</class>
  <method>registrar</method>
  <thread>24</thread>
  <message>Index 0 out of bounds for length 0****[Ljava.lang.StackTraceElement;@45b96a9f</message>
</record>
<record>
  <date>2023-05-25T17:16:11.427516500Z</date>
  <millis>1685034971427</millis>
  <nanos>516500</nanos>
  <sequence>6</sequence>
  <logger>global</logger>
  <level>SEVERE</level>
  <class>Utilities.Bitacora</class>
  <method>registrar</method>
  <thread>24</thread>
  <message>Index 0 out of bounds for length 0****[Ljava.lang.StackTraceElement;@2fe724a</message>
</record>
<record>
  <date>2023-05-25T17:16:11.620612400Z</date>
  <millis>1685034971620</millis>
  <nanos>612400</nanos>
  <sequence>7</sequence>
  <logger>global</logger>
  <level>SEVERE</level>
  <class>Utilities.Bitacora</class>
  <method>registrar</method>
  <thread>24</thread>
  <message>Index 0 out of bounds for length 0****[Ljava.lang.StackTraceElement;@1610ef00</message>
</record>
<record>
  <date>2023-05-25T17:16:11.811557700Z</date>
  <millis>1685034971811</millis>
  <nanos>557700</nanos>
  <sequence>8</sequence>
  <logger>global</logger>
  <level>SEVERE</level>
  <class>Utilities.Bitacora</class>
  <method>registrar</method>
  <thread>24</thread>
  <message>Index 0 out of bounds for length 0****[Ljava.lang.StackTraceElement;@14fe084c</message>
</record>
<record>
  <date>2023-05-25T17:16:11.994521100Z</date>
  <millis>1685034971994</millis>
  <nanos>521100</nanos>
  <sequence>9</sequence>
  <logger>global</logger>
  <level>SEVERE</level>
  <class>Utilities.Bitacora</class>
  <method>registrar</method>
  <thread>24</thread>
  <message>Index 0 out of bounds for length 0****[Ljava.lang.StackTraceElement;@3e8bcf9a</message>
</record>
<record>
  <date>2023-05-25T17:16:19.731016Z</date>
  <millis>1685034979731</millis>
  <nanos>16000</nanos>
  <sequence>10</sequence>
  <logger>global</logger>
  <level>SEVERE</level>
  <class>Utilities.Bitacora</class>
  <method>registrar</method>
  <thread>24</thread>
  <message>Index 0 out of bounds for length 0****[Ljava.lang.StackTraceElement;@369d2f47</message>
</record>
<record>
  <date>2023-05-25T17:16:22.602742600Z</date>
  <millis>1685034982602</millis>
  <nanos>742600</nanos>
  <sequence>11</sequence>
  <logger>global</logger>
  <level>SEVERE</level>
  <class>Utilities.Bitacora</class>
  <method>registrar</method>
  <thread>24</thread>
  <message>Index 0 out of bounds for length 0****[Ljava.lang.StackTraceElement;@626ac60b</message>
</record>
<record>
  <date>2023-05-25T17:16:22.764220900Z</date>
  <millis>1685034982764</millis>
  <nanos>220900</nanos>
  <sequence>12</sequence>
  <logger>global</logger>
  <level>SEVERE</level>
  <class>Utilities.Bitacora</class>
  <method>registrar</method>
  <thread>24</thread>
  <message>Index 0 out of bounds for length 0****[Ljava.lang.StackTraceElement;@1a275b7</message>
</record>
<record>
  <date>2023-05-25T17:16:25.828085900Z</date>
  <millis>1685034985828</millis>
  <nanos>85900</nanos>
  <sequence>13</sequence>
  <logger>global</logger>
  <level>SEVERE</level>
  <class>Utilities.Bitacora</class>
  <method>registrar</method>
  <thread>24</thread>
  <message>Index 0 out of bounds for length 0****[Ljava.lang.StackTraceElement;@55ec6611</message>
</record>
<record>
  <date>2023-05-25T17:16:25.992255600Z</date>
  <millis>1685034985992</millis>
  <nanos>255600</nanos>
  <sequence>14</sequence>
  <logger>global</logger>
  <level>SEVERE</level>
  <class>Utilities.Bitacora</class>
  <method>registrar</method>
  <thread>24</thread>
  <message>Index 0 out of bounds for length 0****[Ljava.lang.StackTraceElement;@1735f7a7</message>
</record>
<record>
  <date>2023-05-25T17:16:26.194139300Z</date>
  <millis>1685034986194</millis>
  <nanos>139300</nanos>
  <sequence>15</sequence>
  <logger>global</logger>
  <level>SEVERE</level>
  <class>Utilities.Bitacora</class>
  <method>registrar</method>
  <thread>24</thread>
  <message>Index 0 out of bounds for length 0****[Ljava.lang.StackTraceElement;@7e9f629</message>
</record>
<record>
  <date>2023-05-25T17:16:26.378878600Z</date>
  <millis>1685034986378</millis>
  <nanos>878600</nanos>
  <sequence>16</sequence>
  <logger>global</logger>
  <level>SEVERE</level>
  <class>Utilities.Bitacora</class>
  <method>registrar</method>
  <thread>24</thread>
  <message>Index 0 out of bounds for length 0****[Ljava.lang.StackTraceElement;@2d131973</message>
</record>
<record>
  <date>2023-05-25T17:16:26.587557600Z</date>
  <millis>1685034986587</millis>
  <nanos>557600</nanos>
  <sequence>17</sequence>
  <logger>global</logger>
  <level>SEVERE</level>
  <class>Utilities.Bitacora</class>
  <method>registrar</method>
  <thread>24</thread>
  <message>Index 0 out of bounds for length 0****[Ljava.lang.StackTraceElement;@24cb8f54</message>
</record>
<record>
  <date>2023-05-25T17:16:26.832180500Z</date>
  <millis>1685034986832</millis>
  <nanos>180500</nanos>
  <sequence>18</sequence>
  <logger>global</logger>
  <level>SEVERE</level>
  <class>Utilities.Bitacora</class>
  <method>registrar</method>
  <thread>24</thread>
  <message>Index 0 out of bounds for length 0****[Ljava.lang.StackTraceElement;@900260c</message>
</record>
<record>
  <date>2023-05-25T17:16:26.988204700Z</date>
  <millis>1685034986988</millis>
  <nanos>204700</nanos>
  <sequence>19</sequence>
  <logger>global</logger>
  <level>SEVERE</level>
  <class>Utilities.Bitacora</class>
  <method>registrar</method>
  <thread>24</thread>
  <message>Index 0 out of bounds for length 0****[Ljava.lang.StackTraceElement;@80a2887</message>
</record>
<record>
  <date>2023-05-25T17:16:27.203233500Z</date>
  <millis>1685034987203</millis>
  <nanos>233500</nanos>
  <sequence>20</sequence>
  <logger>global</logger>
  <level>SEVERE</level>
  <class>Utilities.Bitacora</class>
  <method>registrar</method>
  <thread>24</thread>
  <message>Index 0 out of bounds for length 0****[Ljava.lang.StackTraceElement;@1251282f</message>
</record>
<record>
  <date>2023-05-25T17:16:27.421364200Z</date>
  <millis>1685034987421</millis>
  <nanos>364200</nanos>
  <sequence>21</sequence>
  <logger>global</logger>
  <level>SEVERE</level>
  <class>Utilities.Bitacora</class>
  <method>registrar</method>
  <thread>24</thread>
  <message>Index 0 out of bounds for length 0****[Ljava.lang.StackTraceElement;@3c2f5a6c</message>
</record>
<record>
  <date>2023-05-25T17:16:27.616935400Z</date>
  <millis>1685034987616</millis>
  <nanos>935400</nanos>
  <sequence>22</sequence>
  <logger>global</logger>
  <level>SEVERE</level>
  <class>Utilities.Bitacora</class>
  <method>registrar</method>
  <thread>24</thread>
  <message>Index 0 out of bounds for length 0****[Ljava.lang.StackTraceElement;@7ccd468e</message>
</record>
<record>
  <date>2023-05-25T17:16:27.834023600Z</date>
  <millis>1685034987834</millis>
  <nanos>23600</nanos>
  <sequence>23</sequence>
  <logger>global</logger>
  <level>SEVERE</level>
  <class>Utilities.Bitacora</class>
  <method>registrar</method>
  <thread>24</thread>
  <message>Index 0 out of bounds for length 0****[Ljava.lang.StackTraceElement;@87376b0</message>
</record>
<record>
  <date>2023-05-25T17:16:28.024306800Z</date>
  <millis>1685034988024</millis>
  <nanos>306800</nanos>
  <sequence>24</sequence>
  <logger>global</logger>
  <level>SEVERE</level>
  <class>Utilities.Bitacora</class>
  <method>registrar</method>
  <thread>24</thread>
  <message>Index 0 out of bounds for length 0****[Ljava.lang.StackTraceElement;@669114de</message>
</record>
<record>
  <date>2023-05-25T17:16:28.217235700Z</date>
  <millis>1685034988217</millis>
  <nanos>235700</nanos>
  <sequence>25</sequence>
  <logger>global</logger>
  <level>SEVERE</level>
  <class>Utilities.Bitacora</class>
  <method>registrar</method>
  <thread>24</thread>
  <message>Index 0 out of bounds for length 0****[Ljava.lang.StackTraceElement;@2dc2ba01</message>
</record>
<record>
  <date>2023-05-25T17:16:28.457249600Z</date>
  <millis>1685034988457</millis>
  <nanos>249600</nanos>
  <sequence>26</sequence>
  <logger>global</logger>
  <level>SEVERE</level>
  <class>Utilities.Bitacora</class>
  <method>registrar</method>
  <thread>24</thread>
  <message>Index 0 out of bounds for length 0****[Ljava.lang.StackTraceElement;@65f0a47</message>
</record>
</log>
<?xml version="1.0" encoding="UTF-8" standalone="no"?>
<!DOCTYPE log SYSTEM "logger.dtd">
<log>
<record>
  <date>2023-05-25T17:21:34.602196900Z</date>
  <millis>1685035294602</millis>
  <nanos>196900</nanos>
  <sequence>0</sequence>
  <logger>global</logger>
  <level>SEVERE</level>
  <class>Utilities.Bitacora</class>
  <method>registrar</method>
  <thread>24</thread>
  <message>Index 0 out of bounds for length 0****[Ljava.lang.StackTraceElement;@1ea055ff</message>
</record>
<record>
  <date>2023-05-25T17:22:39.513715600Z</date>
  <millis>1685035359513</millis>
  <nanos>715600</nanos>
  <sequence>1</sequence>
  <logger>global</logger>
  <level>SEVERE</level>
  <class>Utilities.Bitacora</class>
  <method>registrar</method>
  <thread>24</thread>
  <message>Index 0 out of bounds for length 0****[Ljava.lang.StackTraceElement;@18f35a77</message>
</record>
<record>
  <date>2023-05-25T17:22:40.390688200Z</date>
  <millis>1685035360390</millis>
  <nanos>688200</nanos>
  <sequence>2</sequence>
  <logger>global</logger>
  <level>SEVERE</level>
  <class>Utilities.Bitacora</class>
  <method>registrar</method>
  <thread>24</thread>
  <message>Index 0 out of bounds for length 0****[Ljava.lang.StackTraceElement;@3b3cf036</message>
</record>
</log>
<?xml version="1.0" encoding="UTF-8" standalone="no"?>
<!DOCTYPE log SYSTEM "logger.dtd">
<log>
<record>
  <date>2023-05-25T17:22:48.976360300Z</date>
  <millis>1685035368976</millis>
  <nanos>360300</nanos>
  <sequence>0</sequence>
  <logger>global</logger>
  <level>SEVERE</level>
  <class>Utilities.Bitacora</class>
  <method>registrar</method>
  <thread>24</thread>
  <message>Index 0 out of bounds for length 0****[Ljava.lang.StackTraceElement;@4ba6d922</message>
</record>
<record>
  <date>2023-05-25T17:22:54.724773900Z</date>
  <millis>1685035374724</millis>
  <nanos>773900</nanos>
  <sequence>1</sequence>
  <logger>global</logger>
  <level>SEVERE</level>
  <class>Utilities.Bitacora</class>
  <method>registrar</method>
  <thread>24</thread>
  <message>Index 0 out of bounds for length 0****[Ljava.lang.StackTraceElement;@3c8df210</message>
</record>
<record>
  <date>2023-05-25T17:22:55.156280900Z</date>
  <millis>1685035375156</millis>
  <nanos>280900</nanos>
  <sequence>2</sequence>
  <logger>global</logger>
  <level>SEVERE</level>
  <class>Utilities.Bitacora</class>
  <method>registrar</method>
  <thread>24</thread>
  <message>Index 0 out of bounds for length 0****[Ljava.lang.StackTraceElement;@7af5c550</message>
</record>
<record>
  <date>2023-05-25T17:22:55.325661100Z</date>
  <millis>1685035375325</millis>
  <nanos>661100</nanos>
  <sequence>3</sequence>
  <logger>global</logger>
  <level>SEVERE</level>
  <class>Utilities.Bitacora</class>
  <method>registrar</method>
  <thread>24</thread>
  <message>Index 0 out of bounds for length 0****[Ljava.lang.StackTraceElement;@9fe79f3</message>
</record>
</log>
<?xml version="1.0" encoding="UTF-8" standalone="no"?>
<!DOCTYPE log SYSTEM "logger.dtd">
<log>
<record>
  <date>2023-05-25T17:28:28.266096700Z</date>
  <millis>1685035708266</millis>
  <nanos>96700</nanos>
  <sequence>0</sequence>
  <logger>global</logger>
  <level>SEVERE</level>
  <class>Utilities.Bitacora</class>
  <method>registrar</method>
  <thread>24</thread>
  <message>Index 0 out of bounds for length 0****[Ljava.lang.StackTraceElement;@4fb2d10d</message>
</record>
<record>
  <date>2023-05-25T17:28:31.072224200Z</date>
  <millis>1685035711072</millis>
  <nanos>224200</nanos>
  <sequence>1</sequence>
  <logger>global</logger>
  <level>SEVERE</level>
  <class>Utilities.Bitacora</class>
  <method>registrar</method>
  <thread>24</thread>
  <message>Index 0 out of bounds for length 0****[Ljava.lang.StackTraceElement;@40f20981</message>
</record>
<record>
  <date>2023-05-25T17:28:31.912023800Z</date>
  <millis>1685035711912</millis>
  <nanos>23800</nanos>
  <sequence>2</sequence>
  <logger>global</logger>
  <level>SEVERE</level>
  <class>Utilities.Bitacora</class>
  <method>registrar</method>
  <thread>24</thread>
  <message>Index 0 out of bounds for length 0****[Ljava.lang.StackTraceElement;@3085aa30</message>
</record>
<record>
  <date>2023-05-25T17:28:32.654196200Z</date>
  <millis>1685035712654</millis>
  <nanos>196200</nanos>
  <sequence>3</sequence>
  <logger>global</logger>
  <level>SEVERE</level>
  <class>Utilities.Bitacora</class>
  <method>registrar</method>
  <thread>24</thread>
  <message>Index 0 out of bounds for length 0****[Ljava.lang.StackTraceElement;@1ba57885</message>
</record>
<record>
  <date>2023-05-25T17:28:32.984484400Z</date>
  <millis>1685035712984</millis>
  <nanos>484400</nanos>
  <sequence>4</sequence>
  <logger>global</logger>
  <level>SEVERE</level>
  <class>Utilities.Bitacora</class>
  <method>registrar</method>
  <thread>24</thread>
  <message>Index 0 out of bounds for length 0****[Ljava.lang.StackTraceElement;@2a26425d</message>
</record>
<record>
  <date>2023-05-25T17:28:33.522827500Z</date>
  <millis>1685035713522</millis>
  <nanos>827500</nanos>
  <sequence>5</sequence>
  <logger>global</logger>
  <level>SEVERE</level>
  <class>Utilities.Bitacora</class>
  <method>registrar</method>
  <thread>24</thread>
  <message>Index 0 out of bounds for length 0****[Ljava.lang.StackTraceElement;@2d460af1</message>
</record>
<record>
  <date>2023-05-25T17:28:33.919792500Z</date>
  <millis>1685035713919</millis>
  <nanos>792500</nanos>
  <sequence>6</sequence>
  <logger>global</logger>
  <level>SEVERE</level>
  <class>Utilities.Bitacora</class>
  <method>registrar</method>
  <thread>24</thread>
  <message>Index 0 out of bounds for length 0****[Ljava.lang.StackTraceElement;@16991b35</message>
</record>
<record>
  <date>2023-05-25T17:28:34.213207400Z</date>
  <millis>1685035714213</millis>
  <nanos>207400</nanos>
  <sequence>7</sequence>
  <logger>global</logger>
  <level>SEVERE</level>
  <class>Utilities.Bitacora</class>
  <method>registrar</method>
  <thread>24</thread>
  <message>Index 0 out of bounds for length 0****[Ljava.lang.StackTraceElement;@4ddb3373</message>
</record>
</log>
<?xml version="1.0" encoding="UTF-8" standalone="no"?>
<!DOCTYPE log SYSTEM "logger.dtd">
<log>
<record>
  <date>2023-05-25T17:57:44.698018300Z</date>
  <millis>1685037464698</millis>
  <nanos>18300</nanos>
  <sequence>0</sequence>
  <logger>global</logger>
  <level>SEVERE</level>
  <class>Utilities.Bitacora</class>
  <method>registrar</method>
  <thread>24</thread>
  <message>Cannot add or update a child row: a foreign key constraint fails (`colegio`.`matricula`, CONSTRAINT `fk_matricula_alumno_id` FOREIGN KEY (`alumno_id`) REFERENCES `alumno` (`alumno_id`))****[Ljava.lang.StackTraceElement;@79720f0e</message>
</record>
</log>
<?xml version="1.0" encoding="UTF-8" standalone="no"?>
<!DOCTYPE log SYSTEM "logger.dtd">
<log>
<record>
  <date>2023-05-25T22:54:59.767844400Z</date>
  <millis>1685055299767</millis>
  <nanos>844400</nanos>
  <sequence>0</sequence>
  <logger>global</logger>
  <level>SEVERE</level>
  <class>Utilities.Bitacora</class>
  <method>registrar</method>
  <thread>24</thread>
  <message>Cannot add or update a child row: a foreign key constraint fails (`colegio`.`matricula`, CONSTRAINT `fk_matricula_alumno_id` FOREIGN KEY (`alumno_id`) REFERENCES `alumno` (`alumno_id`))****[Ljava.lang.StackTraceElement;@5f0d964b</message>
</record>
</log>
<?xml version="1.0" encoding="UTF-8" standalone="no"?>
<!DOCTYPE log SYSTEM "logger.dtd">
<log>
<record>
  <date>2023-05-25T23:51:45.449823900Z</date>
  <millis>1685058705449</millis>
  <nanos>823900</nanos>
  <sequence>0</sequence>
  <logger>global</logger>
  <level>SEVERE</level>
  <class>Utilities.Bitacora</class>
  <method>registrar</method>
  <thread>24</thread>
  <message>Duplicate entry '12345678' for key 'docente.idx_docente_dni_UNIQUE'****[Ljava.lang.StackTraceElement;@7a84d521</message>
</record>
<record>
  <date>2023-05-25T23:51:57.928820Z</date>
  <millis>1685058717928</millis>
  <nanos>820000</nanos>
  <sequence>1</sequence>
  <logger>global</logger>
  <level>SEVERE</level>
  <class>Utilities.Bitacora</class>
  <method>registrar</method>
  <thread>24</thread>
  <message>Duplicate entry '12345678' for key 'docente.idx_docente_dni_UNIQUE'****[Ljava.lang.StackTraceElement;@3797a238</message>
</record>
<record>
  <date>2023-05-25T23:51:58.559446400Z</date>
  <millis>1685058718559</millis>
  <nanos>446400</nanos>
  <sequence>2</sequence>
  <logger>global</logger>
  <level>SEVERE</level>
  <class>Utilities.Bitacora</class>
  <method>registrar</method>
  <thread>24</thread>
  <message>Duplicate entry '12345678' for key 'docente.idx_docente_dni_UNIQUE'****[Ljava.lang.StackTraceElement;@45c16a73</message>
</record>
<record>
  <date>2023-05-25T23:51:58.758774700Z</date>
  <millis>1685058718758</millis>
  <nanos>774700</nanos>
  <sequence>3</sequence>
  <logger>global</logger>
  <level>SEVERE</level>
  <class>Utilities.Bitacora</class>
  <method>registrar</method>
  <thread>24</thread>
  <message>Duplicate entry '12345678' for key 'docente.idx_docente_dni_UNIQUE'****[Ljava.lang.StackTraceElement;@f8522cc</message>
</record>
<record>
  <date>2023-05-25T23:51:58.962965100Z</date>
  <millis>1685058718962</millis>
  <nanos>965100</nanos>
  <sequence>4</sequence>
  <logger>global</logger>
  <level>SEVERE</level>
  <class>Utilities.Bitacora</class>
  <method>registrar</method>
  <thread>24</thread>
  <message>Duplicate entry '12345678' for key 'docente.idx_docente_dni_UNIQUE'****[Ljava.lang.StackTraceElement;@3c4f1bd6</message>
</record>
<record>
  <date>2023-05-25T23:51:59.110586600Z</date>
  <millis>1685058719110</millis>
  <nanos>586600</nanos>
  <sequence>5</sequence>
  <logger>global</logger>
  <level>SEVERE</level>
  <class>Utilities.Bitacora</class>
  <method>registrar</method>
  <thread>24</thread>
  <message>Duplicate entry '12345678' for key 'docente.idx_docente_dni_UNIQUE'****[Ljava.lang.StackTraceElement;@267257cc</message>
</record>
<record>
  <date>2023-05-25T23:51:59.297226400Z</date>
  <millis>1685058719297</millis>
  <nanos>226400</nanos>
  <sequence>6</sequence>
  <logger>global</logger>
  <level>SEVERE</level>
  <class>Utilities.Bitacora</class>
  <method>registrar</method>
  <thread>24</thread>
  <message>Duplicate entry '12345678' for key 'docente.idx_docente_dni_UNIQUE'****[Ljava.lang.StackTraceElement;@da41d6d</message>
</record>
</log>
<?xml version="1.0" encoding="UTF-8" standalone="no"?>
<!DOCTYPE log SYSTEM "logger.dtd">
<log>
<record>
  <date>2023-05-26T00:01:47.961161300Z</date>
  <millis>1685059307961</millis>
  <nanos>161300</nanos>
  <sequence>0</sequence>
  <logger>global</logger>
  <level>SEVERE</level>
  <class>Utilities.Bitacora</class>
  <method>registrar</method>
  <thread>24</thread>
  <message>Duplicate entry '12345678' for key 'docente.idx_docente_dni_UNIQUE'****[Ljava.lang.StackTraceElement;@4f2f6b87</message>
</record>
</log>
<?xml version="1.0" encoding="UTF-8" standalone="no"?>
<!DOCTYPE log SYSTEM "logger.dtd">
<log>
<record>
  <date>2023-05-26T00:02:37.425171300Z</date>
  <millis>1685059357425</millis>
  <nanos>171300</nanos>
  <sequence>0</sequence>
  <logger>global</logger>
  <level>SEVERE</level>
  <class>Utilities.Bitacora</class>
  <method>registrar</method>
  <thread>24</thread>
  <message>Duplicate entry '12345678' for key 'docente.idx_docente_dni_UNIQUE'****[Ljava.lang.StackTraceElement;@7603df3</message>
</record>
<record>
  <date>2023-05-26T00:02:40.476326200Z</date>
  <millis>1685059360476</millis>
  <nanos>326200</nanos>
  <sequence>1</sequence>
  <logger>global</logger>
  <level>SEVERE</level>
  <class>Utilities.Bitacora</class>
  <method>registrar</method>
  <thread>24</thread>
  <message>Duplicate entry '12345678' for key 'docente.idx_docente_dni_UNIQUE'****[Ljava.lang.StackTraceElement;@ab5310d</message>
</record>
</log>
<?xml version="1.0" encoding="UTF-8" standalone="no"?>
<!DOCTYPE log SYSTEM "logger.dtd">
<log>
<record>
  <date>2023-05-26T00:37:24.450530100Z</date>
  <millis>1685061444450</millis>
  <nanos>530100</nanos>
  <sequence>0</sequence>
  <logger>global</logger>
  <level>SEVERE</level>
  <class>Utilities.Bitacora</class>
  <method>registrar</method>
  <thread>24</thread>
  <message>Duplicate entry '12345678' for key 'docente.idx_docente_dni_UNIQUE'****[Ljava.lang.StackTraceElement;@4cae9731</message>
</record>
<record>
  <date>2023-05-26T00:37:27.939570400Z</date>
  <millis>1685061447939</millis>
  <nanos>570400</nanos>
  <sequence>1</sequence>
  <logger>global</logger>
  <level>SEVERE</level>
  <class>Utilities.Bitacora</class>
  <method>registrar</method>
  <thread>24</thread>
  <message>Duplicate entry '123456999' for key 'docente.idx_docente_contacto'****[Ljava.lang.StackTraceElement;@63eb7666</message>
</record>
</log>
<?xml version="1.0" encoding="UTF-8" standalone="no"?>
<!DOCTYPE log SYSTEM "logger.dtd">
<log>
<record>
  <date>2023-05-26T01:10:58.939170600Z</date>
  <millis>1685063458939</millis>
  <nanos>170600</nanos>
  <sequence>0</sequence>
  <logger>global</logger>
  <level>SEVERE</level>
  <class>Utilities.Bitacora</class>
  <method>registrar</method>
  <thread>24</thread>
  <message>Duplicate entry 'area1' for key 'area.idx_area_nombre_UNIQUE'****[Ljava.lang.StackTraceElement;@36889a7a</message>
</record>
</log>
<?xml version="1.0" encoding="UTF-8" standalone="no"?>
<!DOCTYPE log SYSTEM "logger.dtd">
<log>
<record>
  <date>2023-05-26T03:15:16.740314400Z</date>
  <millis>1685070916740</millis>
  <nanos>314400</nanos>
  <sequence>0</sequence>
  <logger>global</logger>
  <level>SEVERE</level>
  <class>Utilities.Bitacora</class>
  <method>registrar</method>
  <thread>25</thread>
  <message>Column 'apellido_paterno' not found.****[Ljava.lang.StackTraceElement;@792d3fa</message>
</record>
</log>
<?xml version="1.0" encoding="UTF-8" standalone="no"?>
<!DOCTYPE log SYSTEM "logger.dtd">
<log>
<record>
  <date>2023-05-26T03:48:54.065148900Z</date>
  <millis>1685072934065</millis>
  <nanos>148900</nanos>
  <sequence>0</sequence>
  <logger>global</logger>
  <level>SEVERE</level>
  <class>Utilities.Bitacora</class>
  <method>registrar</method>
  <thread>25</thread>
  <message>Data truncation: Data too long for column 'nombre_' at row 1****[Ljava.lang.StackTraceElement;@5077c026</message>
</record>
<record>
  <date>2023-05-26T03:49:05.616525800Z</date>
  <millis>1685072945616</millis>
  <nanos>525800</nanos>
  <sequence>1</sequence>
  <logger>global</logger>
  <level>SEVERE</level>
  <class>Utilities.Bitacora</class>
  <method>registrar</method>
  <thread>25</thread>
  <message>Data truncation: Data too long for column 'nombre_' at row 1****[Ljava.lang.StackTraceElement;@14778ff6</message>
</record>
<record>
  <date>2023-05-26T03:49:05.757032800Z</date>
  <millis>1685072945757</millis>
  <nanos>32800</nanos>
  <sequence>2</sequence>
  <logger>global</logger>
  <level>SEVERE</level>
  <class>Utilities.Bitacora</class>
  <method>registrar</method>
  <thread>25</thread>
  <message>Data truncation: Data too long for column 'nombre_' at row 1****[Ljava.lang.StackTraceElement;@62d4de85</message>
</record>
<record>
  <date>2023-05-26T03:49:06.228537200Z</date>
  <millis>1685072946228</millis>
  <nanos>537200</nanos>
  <sequence>3</sequence>
  <logger>global</logger>
  <level>SEVERE</level>
  <class>Utilities.Bitacora</class>
  <method>registrar</method>
  <thread>25</thread>
  <message>Data truncation: Data too long for column 'nombre_' at row 1****[Ljava.lang.StackTraceElement;@2f15f483</message>
</record>
<record>
  <date>2023-05-26T03:49:06.399448900Z</date>
  <millis>1685072946399</millis>
  <nanos>448900</nanos>
  <sequence>4</sequence>
  <logger>global</logger>
  <level>SEVERE</level>
  <class>Utilities.Bitacora</class>
  <method>registrar</method>
  <thread>25</thread>
  <message>Data truncation: Data too long for column 'nombre_' at row 1****[Ljava.lang.StackTraceElement;@2e32872a</message>
</record>
<record>
  <date>2023-05-26T03:49:06.553176100Z</date>
  <millis>1685072946553</millis>
  <nanos>176100</nanos>
  <sequence>5</sequence>
  <logger>global</logger>
  <level>SEVERE</level>
  <class>Utilities.Bitacora</class>
  <method>registrar</method>
  <thread>25</thread>
  <message>Data truncation: Data too long for column 'nombre_' at row 1****[Ljava.lang.StackTraceElement;@1ab40048</message>
</record>
<record>
  <date>2023-05-26T03:49:06.704171700Z</date>
  <millis>1685072946704</millis>
  <nanos>171700</nanos>
  <sequence>6</sequence>
  <logger>global</logger>
  <level>SEVERE</level>
  <class>Utilities.Bitacora</class>
  <method>registrar</method>
  <thread>25</thread>
  <message>Data truncation: Data too long for column 'nombre_' at row 1****[Ljava.lang.StackTraceElement;@25360513</message>
</record>
<record>
  <date>2023-05-26T03:49:06.880713200Z</date>
  <millis>1685072946880</millis>
  <nanos>713200</nanos>
  <sequence>7</sequence>
  <logger>global</logger>
  <level>SEVERE</level>
  <class>Utilities.Bitacora</class>
  <method>registrar</method>
  <thread>25</thread>
  <message>Data truncation: Data too long for column 'nombre_' at row 1****[Ljava.lang.StackTraceElement;@664792f9</message>
</record>
<record>
  <date>2023-05-26T03:49:07.014366200Z</date>
  <millis>1685072947014</millis>
  <nanos>366200</nanos>
  <sequence>8</sequence>
  <logger>global</logger>
  <level>SEVERE</level>
  <class>Utilities.Bitacora</class>
  <method>registrar</method>
  <thread>25</thread>
  <message>Data truncation: Data too long for column 'nombre_' at row 1****[Ljava.lang.StackTraceElement;@79ed3e4c</message>
</record>
<record>
  <date>2023-05-26T03:49:07.184490200Z</date>
  <millis>1685072947184</millis>
  <nanos>490200</nanos>
  <sequence>9</sequence>
  <logger>global</logger>
  <level>SEVERE</level>
  <class>Utilities.Bitacora</class>
  <method>registrar</method>
  <thread>25</thread>
  <message>Data truncation: Data too long for column 'nombre_' at row 1****[Ljava.lang.StackTraceElement;@7572d18d</message>
</record>
<record>
  <date>2023-05-26T03:49:07.333041100Z</date>
  <millis>1685072947333</millis>
  <nanos>41100</nanos>
  <sequence>10</sequence>
  <logger>global</logger>
  <level>SEVERE</level>
  <class>Utilities.Bitacora</class>
  <method>registrar</method>
  <thread>25</thread>
  <message>Data truncation: Data too long for column 'nombre_' at row 1****[Ljava.lang.StackTraceElement;@6ab3afe2</message>
</record>
<record>
  <date>2023-05-26T03:49:07.491110800Z</date>
  <millis>1685072947491</millis>
  <nanos>110800</nanos>
  <sequence>11</sequence>
  <logger>global</logger>
  <level>SEVERE</level>
  <class>Utilities.Bitacora</class>
  <method>registrar</method>
  <thread>25</thread>
  <message>Data truncation: Data too long for column 'nombre_' at row 1****[Ljava.lang.StackTraceElement;@22869144</message>
</record>
</log>
